<?xml version="1.0" encoding="UTF-8"?>
<testsuite xmlns:xsi="http://www.w3.org/2001/XMLSchema-instance" xsi:noNamespaceSchemaLocation="https://maven.apache.org/surefire/maven-surefire-plugin/xsd/surefire-test-report-3.0.xsd" version="3.0" name="TestSuite" time="4.602" tests="1" errors="0" skipped="1" failures="0">
  <properties>
    <property name="java.specification.version" value="18"/>
    <property name="sun.cpu.isalist" value="amd64"/>
    <property name="sun.jnu.encoding" value="Cp1252"/>
    <property name="sun.awt.enableExtraMouseButtons" value="true"/>
    <property name="java.class.path" value="C:\Users\1034567\Documents\PowerBI_UIAutomation_BY\target\test-classes;C:\Users\1034567\Documents\PowerBI_UIAutomation_BY\target\classes;C:\Users\1034567\.m2\repository\com\codoid\products\fillo\1.15\fillo-1.15.jar;C:\Users\1034567\.m2\repository\org\apache\poi\poi\5.1.0\poi-5.1.0.jar;C:\Users\1034567\.m2\repository\commons-codec\commons-codec\1.15\commons-codec-1.15.jar;C:\Users\1034567\.m2\repository\org\apache\commons\commons-collections4\4.4\commons-collections4-4.4.jar;C:\Users\1034567\.m2\repository\org\apache\commons\commons-math3\3.6.1\commons-math3-3.6.1.jar;C:\Users\1034567\.m2\repository\commons-io\commons-io\2.11.0\commons-io-2.11.0.jar;C:\Users\1034567\.m2\repository\com\zaxxer\SparseBitSet\1.2\SparseBitSet-1.2.jar;C:\Users\1034567\.m2\repository\org\apache\logging\log4j\log4j-api\2.14.1\log4j-api-2.14.1.jar;C:\Users\1034567\.m2\repository\org\apache\poi\poi-ooxml\5.1.0\poi-ooxml-5.1.0.jar;C:\Users\1034567\.m2\repository\org\apache\poi\poi-ooxml-lite\5.1.0\poi-ooxml-lite-5.1.0.jar;C:\Users\1034567\.m2\repository\org\apache\commons\commons-compress\1.21\commons-compress-1.21.jar;C:\Users\1034567\.m2\repository\com\github\virtuald\curvesapi\1.06\curvesapi-1.06.jar;C:\Users\1034567\.m2\repository\com\relevantcodes\extentreports\2.41.2\extentreports-2.41.2.jar;C:\Users\1034567\.m2\repository\org\xerial\sqlite-jdbc\3.8.11.1\sqlite-jdbc-3.8.11.1.jar;C:\Users\1034567\.m2\repository\org\freemarker\freemarker\2.3.23\freemarker-2.3.23.jar;C:\Users\1034567\.m2\repository\org\mongodb\mongodb-driver\3.0.4\mongodb-driver-3.0.4.jar;C:\Users\1034567\.m2\repository\org\mongodb\bson\3.0.4\bson-3.0.4.jar;C:\Users\1034567\.m2\repository\org\mongodb\mongodb-driver-core\3.0.4\mongodb-driver-core-3.0.4.jar;C:\Users\1034567\.m2\repository\net\sourceforge\stripes\stripes\1.5.7\stripes-1.5.7.jar;C:\Users\1034567\.m2\repository\commons-logging\commons-logging\1.1.1\commons-logging-1.1.1.jar;C:\Users\1034567\.m2\repository\org\apache\pdfbox\pdfbox\2.0.11\pdfbox-2.0.11.jar;C:\Users\1034567\.m2\repository\org\apache\pdfbox\fontbox\2.0.11\fontbox-2.0.11.jar;C:\Users\1034567\.m2\repository\commons-net\commons-net\3.3\commons-net-3.3.jar;C:\Users\1034567\.m2\repository\org\apache\tomcat\jasper\6.0.32\jasper-6.0.32.jar;C:\Users\1034567\.m2\repository\org\apache\tomcat\servlet-api\6.0.32\servlet-api-6.0.32.jar;C:\Users\1034567\.m2\repository\org\apache\tomcat\juli\6.0.32\juli-6.0.32.jar;C:\Users\1034567\.m2\repository\org\apache\tomcat\jsp-api\6.0.32\jsp-api-6.0.32.jar;C:\Users\1034567\.m2\repository\org\apache\tomcat\catalina\6.0.32\catalina-6.0.32.jar;C:\Users\1034567\.m2\repository\org\apache\tomcat\annotations-api\6.0.32\annotations-api-6.0.32.jar;C:\Users\1034567\.m2\repository\org\apache\tomcat\el-api\6.0.32\el-api-6.0.32.jar;C:\Users\1034567\.m2\repository\org\apache\tomcat\jasper-el\6.0.32\jasper-el-6.0.32.jar;C:\Users\1034567\.m2\repository\junit\junit\4.10\junit-4.10.jar;C:\Users\1034567\.m2\repository\org\hamcrest\hamcrest-core\1.1\hamcrest-core-1.1.jar;C:\Users\1034567\.m2\repository\org\apache\poi\poi-ooxml-schemas\3.13\poi-ooxml-schemas-3.13.jar;C:\Users\1034567\.m2\repository\org\apache\poi\poi-examples\3.13\poi-examples-3.13.jar;C:\Users\1034567\.m2\repository\org\apache\poi\poi-excelant\3.13\poi-excelant-3.13.jar;C:\Users\1034567\.m2\repository\org\apache\ant\ant\1.8.2\ant-1.8.2.jar;C:\Users\1034567\.m2\repository\org\apache\ant\ant-launcher\1.8.2\ant-launcher-1.8.2.jar;C:\Users\1034567\.m2\repository\org\apache\poi\poi-scratchpad\3.13\poi-scratchpad-3.13.jar;C:\Users\1034567\.m2\repository\org\apache\xmlbeans\xmlbeans\2.6.0\xmlbeans-2.6.0.jar;C:\Users\1034567\.m2\repository\stax\stax-api\1.0.1\stax-api-1.0.1.jar;C:\Users\1034567\.m2\repository\log4j\log4j\1.2.17\log4j-1.2.17.jar;C:\Users\1034567\.m2\repository\org\json\json\20170516\json-20170516.jar;C:\Users\1034567\.m2\repository\org\eclipse\jdt\core\compiler\ecj\3.7\ecj-3.7.jar;C:\Users\1034567\.m2\repository\org\uncommons\reportng\1.1.4\reportng-1.1.4.jar;C:\Users\1034567\.m2\repository\velocity\velocity\1.4\velocity-1.4.jar;C:\Users\1034567\.m2\repository\velocity\velocity-dep\1.4\velocity-dep-1.4.jar;C:\Users\1034567\.m2\repository\org\mockito\mockito-all\1.10.19\mockito-all-1.10.19.jar;C:\Users\1034567\.m2\repository\cglib\cglib\3.2.0\cglib-3.2.0.jar;C:\Users\1034567\.m2\repository\org\ow2\asm\asm\5.0.3\asm-5.0.3.jar;C:\Users\1034567\.m2\repository\org\apache\velocity\velocity\1.7\velocity-1.7.jar;C:\Users\1034567\.m2\repository\commons-collections\commons-collections\3.2.1\commons-collections-3.2.1.jar;C:\Users\1034567\.m2\repository\commons-lang\commons-lang\2.4\commons-lang-2.4.jar;C:\Users\1034567\.m2\repository\net\sourceforge\htmlunit\htmlunit\2.15\htmlunit-2.15.jar;C:\Users\1034567\.m2\repository\xalan\xalan\2.7.1\xalan-2.7.1.jar;C:\Users\1034567\.m2\repository\org\apache\commons\commons-lang3\3.3.2\commons-lang3-3.3.2.jar;C:\Users\1034567\.m2\repository\org\apache\httpcomponents\httpclient\4.3.3\httpclient-4.3.3.jar;C:\Users\1034567\.m2\repository\org\apache\httpcomponents\httpcore\4.3.2\httpcore-4.3.2.jar;C:\Users\1034567\.m2\repository\org\apache\httpcomponents\httpmime\4.3.3\httpmime-4.3.3.jar;C:\Users\1034567\.m2\repository\net\sourceforge\htmlunit\htmlunit-core-js\2.15\htmlunit-core-js-2.15.jar;C:\Users\1034567\.m2\repository\net\sourceforge\nekohtml\nekohtml\1.9.21\nekohtml-1.9.21.jar;C:\Users\1034567\.m2\repository\net\sourceforge\cssparser\cssparser\0.9.14\cssparser-0.9.14.jar;C:\Users\1034567\.m2\repository\org\w3c\css\sac\1.3\sac-1.3.jar;C:\Users\1034567\.m2\repository\org\eclipse\jetty\jetty-websocket\8.1.15.v20140411\jetty-websocket-8.1.15.v20140411.jar;C:\Users\1034567\.m2\repository\org\eclipse\jetty\jetty-util\8.1.15.v20140411\jetty-util-8.1.15.v20140411.jar;C:\Users\1034567\.m2\repository\org\eclipse\jetty\jetty-io\8.1.15.v20140411\jetty-io-8.1.15.v20140411.jar;C:\Users\1034567\.m2\repository\org\eclipse\jetty\jetty-http\8.1.15.v20140411\jetty-http-8.1.15.v20140411.jar;C:\Users\1034567\.m2\repository\org\jsoup\jsoup\1.6.0\jsoup-1.6.0.jar;C:\Users\1034567\.m2\repository\xerces\xercesImpl\2.11.0\xercesImpl-2.11.0.jar;C:\Users\1034567\.m2\repository\xml-apis\xml-apis\1.4.01\xml-apis-1.4.01.jar;C:\Users\1034567\.m2\repository\xalan\serializer\2.7.1\serializer-2.7.1.jar;C:\Users\1034567\.m2\repository\com\google\protobuf\protobuf-java\3.3.1\protobuf-java-3.3.1.jar;C:\Users\1034567\.m2\repository\com\jcraft\jsch\0.1.54\jsch-0.1.54.jar;C:\Users\1034567\.m2\repository\commons-httpclient\commons-httpclient\3.1\commons-httpclient-3.1.jar;C:\Users\1034567\.m2\repository\org\seleniumhq\selenium\selenium-java\2.53.1\selenium-java-2.53.1.jar;C:\Users\1034567\.m2\repository\org\seleniumhq\selenium\selenium-chrome-driver\2.53.1\selenium-chrome-driver-2.53.1.jar;C:\Users\1034567\.m2\repository\org\seleniumhq\selenium\selenium-remote-driver\2.53.1\selenium-remote-driver-2.53.1.jar;C:\Users\1034567\.m2\repository\cglib\cglib-nodep\2.1_3\cglib-nodep-2.1_3.jar;C:\Users\1034567\.m2\repository\com\google\code\gson\gson\2.3.1\gson-2.3.1.jar;C:\Users\1034567\.m2\repository\org\seleniumhq\selenium\selenium-api\2.53.1\selenium-api-2.53.1.jar;C:\Users\1034567\.m2\repository\com\google\guava\guava\19.0\guava-19.0.jar;C:\Users\1034567\.m2\repository\org\seleniumhq\selenium\selenium-edge-driver\2.53.1\selenium-edge-driver-2.53.1.jar;C:\Users\1034567\.m2\repository\org\apache\commons\commons-exec\1.3\commons-exec-1.3.jar;C:\Users\1034567\.m2\repository\org\seleniumhq\selenium\htmlunit-driver\2.21\htmlunit-driver-2.21.jar;C:\Users\1034567\.m2\repository\org\seleniumhq\selenium\selenium-firefox-driver\2.53.1\selenium-firefox-driver-2.53.1.jar;C:\Users\1034567\.m2\repository\org\seleniumhq\selenium\selenium-ie-driver\2.53.1\selenium-ie-driver-2.53.1.jar;C:\Users\1034567\.m2\repository\net\java\dev\jna\jna\4.1.0\jna-4.1.0.jar;C:\Users\1034567\.m2\repository\net\java\dev\jna\jna-platform\4.1.0\jna-platform-4.1.0.jar;C:\Users\1034567\.m2\repository\org\seleniumhq\selenium\selenium-safari-driver\2.53.1\selenium-safari-driver-2.53.1.jar;C:\Users\1034567\.m2\repository\io\netty\netty\3.5.7.Final\netty-3.5.7.Final.jar;C:\Users\1034567\.m2\repository\org\seleniumhq\selenium\selenium-support\2.53.1\selenium-support-2.53.1.jar;C:\Users\1034567\.m2\repository\org\seleniumhq\selenium\selenium-leg-rc\2.53.1\selenium-leg-rc-2.53.1.jar;C:\Users\1034567\.m2\repository\org\seleniumhq\selenium\selenium-server\2.25.0\selenium-server-2.25.0.jar;C:\Users\1034567\.m2\repository\org\bouncycastle\bcprov-jdk15on\1.47\bcprov-jdk15on-1.47.jar;C:\Users\1034567\.m2\repository\org\bouncycastle\bcpkix-jdk15on\1.47\bcpkix-jdk15on-1.47.jar;C:\Users\1034567\.m2\repository\mx4j\mx4j-tools\3.0.1\mx4j-tools-3.0.1.jar;C:\Users\1034567\.m2\repository\org\mortbay\jetty\servlet-api-2.5\6.1.9\servlet-api-2.5-6.1.9.jar;C:\Users\1034567\.m2\repository\org\seleniumhq\selenium\jetty-repacked\7.6.1\jetty-repacked-7.6.1.jar;C:\Users\1034567\.m2\repository\net\jcip\jcip-annotations\1.0\jcip-annotations-1.0.jar;C:\Users\1034567\.m2\repository\org\yaml\snakeyaml\1.8\snakeyaml-1.8.jar;C:\Users\1034567\.m2\repository\org\testng\testng\6.8\testng-6.8.jar;C:\Users\1034567\.m2\repository\org\beanshell\bsh\2.0b4\bsh-2.0b4.jar;C:\Users\1034567\.m2\repository\com\beust\jcommander\1.27\jcommander-1.27.jar;"/>
    <property name="java.vm.vendor" value="Oracle Corporation"/>
    <property name="sun.arch.data.model" value="64"/>
    <property name="user.variant" value=""/>
    <property name="java.vendor.url" value="https://java.oracle.com/"/>
    <property name="user.timezone" value="Asia/Calcutta"/>
    <property name="os.name" value="Windows 10"/>
    <property name="java.vm.specification.version" value="18"/>
    <property name="sun.java.launcher" value="SUN_STANDARD"/>
    <property name="user.country" value="IN"/>
    <property name="sun.boot.library.path" value="C:\Program Files\Java\jdk-18.0.2\bin"/>
    <property name="sun.java.command" value="C:\Users\1034567\AppData\Local\Temp\surefire4285587276988865539\surefirebooter-20220908200629151_3.jar C:\Users\1034567\AppData\Local\Temp\surefire4285587276988865539 2022-09-08T20-06-28_625-jvmRun1 surefire-20220908200629151_1tmp surefire_0-20220908200629151_2tmp"/>
    <property name="jdk.debug" value="release"/>
    <property name="surefire.test.class.path" value="C:\Users\1034567\Documents\PowerBI_UIAutomation_BY\target\test-classes;C:\Users\1034567\Documents\PowerBI_UIAutomation_BY\target\classes;C:\Users\1034567\.m2\repository\com\codoid\products\fillo\1.15\fillo-1.15.jar;C:\Users\1034567\.m2\repository\org\apache\poi\poi\5.1.0\poi-5.1.0.jar;C:\Users\1034567\.m2\repository\commons-codec\commons-codec\1.15\commons-codec-1.15.jar;C:\Users\1034567\.m2\repository\org\apache\commons\commons-collections4\4.4\commons-collections4-4.4.jar;C:\Users\1034567\.m2\repository\org\apache\commons\commons-math3\3.6.1\commons-math3-3.6.1.jar;C:\Users\1034567\.m2\repository\commons-io\commons-io\2.11.0\commons-io-2.11.0.jar;C:\Users\1034567\.m2\repository\com\zaxxer\SparseBitSet\1.2\SparseBitSet-1.2.jar;C:\Users\1034567\.m2\repository\org\apache\logging\log4j\log4j-api\2.14.1\log4j-api-2.14.1.jar;C:\Users\1034567\.m2\repository\org\apache\poi\poi-ooxml\5.1.0\poi-ooxml-5.1.0.jar;C:\Users\1034567\.m2\repository\org\apache\poi\poi-ooxml-lite\5.1.0\poi-ooxml-lite-5.1.0.jar;C:\Users\1034567\.m2\repository\org\apache\commons\commons-compress\1.21\commons-compress-1.21.jar;C:\Users\1034567\.m2\repository\com\github\virtuald\curvesapi\1.06\curvesapi-1.06.jar;C:\Users\1034567\.m2\repository\com\relevantcodes\extentreports\2.41.2\extentreports-2.41.2.jar;C:\Users\1034567\.m2\repository\org\xerial\sqlite-jdbc\3.8.11.1\sqlite-jdbc-3.8.11.1.jar;C:\Users\1034567\.m2\repository\org\freemarker\freemarker\2.3.23\freemarker-2.3.23.jar;C:\Users\1034567\.m2\repository\org\mongodb\mongodb-driver\3.0.4\mongodb-driver-3.0.4.jar;C:\Users\1034567\.m2\repository\org\mongodb\bson\3.0.4\bson-3.0.4.jar;C:\Users\1034567\.m2\repository\org\mongodb\mongodb-driver-core\3.0.4\mongodb-driver-core-3.0.4.jar;C:\Users\1034567\.m2\repository\net\sourceforge\stripes\stripes\1.5.7\stripes-1.5.7.jar;C:\Users\1034567\.m2\repository\commons-logging\commons-logging\1.1.1\commons-logging-1.1.1.jar;C:\Users\1034567\.m2\repository\org\apache\pdfbox\pdfbox\2.0.11\pdfbox-2.0.11.jar;C:\Users\1034567\.m2\repository\org\apache\pdfbox\fontbox\2.0.11\fontbox-2.0.11.jar;C:\Users\1034567\.m2\repository\commons-net\commons-net\3.3\commons-net-3.3.jar;C:\Users\1034567\.m2\repository\org\apache\tomcat\jasper\6.0.32\jasper-6.0.32.jar;C:\Users\1034567\.m2\repository\org\apache\tomcat\servlet-api\6.0.32\servlet-api-6.0.32.jar;C:\Users\1034567\.m2\repository\org\apache\tomcat\juli\6.0.32\juli-6.0.32.jar;C:\Users\1034567\.m2\repository\org\apache\tomcat\jsp-api\6.0.32\jsp-api-6.0.32.jar;C:\Users\1034567\.m2\repository\org\apache\tomcat\catalina\6.0.32\catalina-6.0.32.jar;C:\Users\1034567\.m2\repository\org\apache\tomcat\annotations-api\6.0.32\annotations-api-6.0.32.jar;C:\Users\1034567\.m2\repository\org\apache\tomcat\el-api\6.0.32\el-api-6.0.32.jar;C:\Users\1034567\.m2\repository\org\apache\tomcat\jasper-el\6.0.32\jasper-el-6.0.32.jar;C:\Users\1034567\.m2\repository\junit\junit\4.10\junit-4.10.jar;C:\Users\1034567\.m2\repository\org\hamcrest\hamcrest-core\1.1\hamcrest-core-1.1.jar;C:\Users\1034567\.m2\repository\org\apache\poi\poi-ooxml-schemas\3.13\poi-ooxml-schemas-3.13.jar;C:\Users\1034567\.m2\repository\org\apache\poi\poi-examples\3.13\poi-examples-3.13.jar;C:\Users\1034567\.m2\repository\org\apache\poi\poi-excelant\3.13\poi-excelant-3.13.jar;C:\Users\1034567\.m2\repository\org\apache\ant\ant\1.8.2\ant-1.8.2.jar;C:\Users\1034567\.m2\repository\org\apache\ant\ant-launcher\1.8.2\ant-launcher-1.8.2.jar;C:\Users\1034567\.m2\repository\org\apache\poi\poi-scratchpad\3.13\poi-scratchpad-3.13.jar;C:\Users\1034567\.m2\repository\org\apache\xmlbeans\xmlbeans\2.6.0\xmlbeans-2.6.0.jar;C:\Users\1034567\.m2\repository\stax\stax-api\1.0.1\stax-api-1.0.1.jar;C:\Users\1034567\.m2\repository\log4j\log4j\1.2.17\log4j-1.2.17.jar;C:\Users\1034567\.m2\repository\org\json\json\20170516\json-20170516.jar;C:\Users\1034567\.m2\repository\org\eclipse\jdt\core\compiler\ecj\3.7\ecj-3.7.jar;C:\Users\1034567\.m2\repository\org\uncommons\reportng\1.1.4\reportng-1.1.4.jar;C:\Users\1034567\.m2\repository\velocity\velocity\1.4\velocity-1.4.jar;C:\Users\1034567\.m2\repository\velocity\velocity-dep\1.4\velocity-dep-1.4.jar;C:\Users\1034567\.m2\repository\org\mockito\mockito-all\1.10.19\mockito-all-1.10.19.jar;C:\Users\1034567\.m2\repository\cglib\cglib\3.2.0\cglib-3.2.0.jar;C:\Users\1034567\.m2\repository\org\ow2\asm\asm\5.0.3\asm-5.0.3.jar;C:\Users\1034567\.m2\repository\org\apache\velocity\velocity\1.7\velocity-1.7.jar;C:\Users\1034567\.m2\repository\commons-collections\commons-collections\3.2.1\commons-collections-3.2.1.jar;C:\Users\1034567\.m2\repository\commons-lang\commons-lang\2.4\commons-lang-2.4.jar;C:\Users\1034567\.m2\repository\net\sourceforge\htmlunit\htmlunit\2.15\htmlunit-2.15.jar;C:\Users\1034567\.m2\repository\xalan\xalan\2.7.1\xalan-2.7.1.jar;C:\Users\1034567\.m2\repository\org\apache\commons\commons-lang3\3.3.2\commons-lang3-3.3.2.jar;C:\Users\1034567\.m2\repository\org\apache\httpcomponents\httpclient\4.3.3\httpclient-4.3.3.jar;C:\Users\1034567\.m2\repository\org\apache\httpcomponents\httpcore\4.3.2\httpcore-4.3.2.jar;C:\Users\1034567\.m2\repository\org\apache\httpcomponents\httpmime\4.3.3\httpmime-4.3.3.jar;C:\Users\1034567\.m2\repository\net\sourceforge\htmlunit\htmlunit-core-js\2.15\htmlunit-core-js-2.15.jar;C:\Users\1034567\.m2\repository\net\sourceforge\nekohtml\nekohtml\1.9.21\nekohtml-1.9.21.jar;C:\Users\1034567\.m2\repository\net\sourceforge\cssparser\cssparser\0.9.14\cssparser-0.9.14.jar;C:\Users\1034567\.m2\repository\org\w3c\css\sac\1.3\sac-1.3.jar;C:\Users\1034567\.m2\repository\org\eclipse\jetty\jetty-websocket\8.1.15.v20140411\jetty-websocket-8.1.15.v20140411.jar;C:\Users\1034567\.m2\repository\org\eclipse\jetty\jetty-util\8.1.15.v20140411\jetty-util-8.1.15.v20140411.jar;C:\Users\1034567\.m2\repository\org\eclipse\jetty\jetty-io\8.1.15.v20140411\jetty-io-8.1.15.v20140411.jar;C:\Users\1034567\.m2\repository\org\eclipse\jetty\jetty-http\8.1.15.v20140411\jetty-http-8.1.15.v20140411.jar;C:\Users\1034567\.m2\repository\org\jsoup\jsoup\1.6.0\jsoup-1.6.0.jar;C:\Users\1034567\.m2\repository\xerces\xercesImpl\2.11.0\xercesImpl-2.11.0.jar;C:\Users\1034567\.m2\repository\xml-apis\xml-apis\1.4.01\xml-apis-1.4.01.jar;C:\Users\1034567\.m2\repository\xalan\serializer\2.7.1\serializer-2.7.1.jar;C:\Users\1034567\.m2\repository\com\google\protobuf\protobuf-java\3.3.1\protobuf-java-3.3.1.jar;C:\Users\1034567\.m2\repository\com\jcraft\jsch\0.1.54\jsch-0.1.54.jar;C:\Users\1034567\.m2\repository\commons-httpclient\commons-httpclient\3.1\commons-httpclient-3.1.jar;C:\Users\1034567\.m2\repository\org\seleniumhq\selenium\selenium-java\2.53.1\selenium-java-2.53.1.jar;C:\Users\1034567\.m2\repository\org\seleniumhq\selenium\selenium-chrome-driver\2.53.1\selenium-chrome-driver-2.53.1.jar;C:\Users\1034567\.m2\repository\org\seleniumhq\selenium\selenium-remote-driver\2.53.1\selenium-remote-driver-2.53.1.jar;C:\Users\1034567\.m2\repository\cglib\cglib-nodep\2.1_3\cglib-nodep-2.1_3.jar;C:\Users\1034567\.m2\repository\com\google\code\gson\gson\2.3.1\gson-2.3.1.jar;C:\Users\1034567\.m2\repository\org\seleniumhq\selenium\selenium-api\2.53.1\selenium-api-2.53.1.jar;C:\Users\1034567\.m2\repository\com\google\guava\guava\19.0\guava-19.0.jar;C:\Users\1034567\.m2\repository\org\seleniumhq\selenium\selenium-edge-driver\2.53.1\selenium-edge-driver-2.53.1.jar;C:\Users\1034567\.m2\repository\org\apache\commons\commons-exec\1.3\commons-exec-1.3.jar;C:\Users\1034567\.m2\repository\org\seleniumhq\selenium\htmlunit-driver\2.21\htmlunit-driver-2.21.jar;C:\Users\1034567\.m2\repository\org\seleniumhq\selenium\selenium-firefox-driver\2.53.1\selenium-firefox-driver-2.53.1.jar;C:\Users\1034567\.m2\repository\org\seleniumhq\selenium\selenium-ie-driver\2.53.1\selenium-ie-driver-2.53.1.jar;C:\Users\1034567\.m2\repository\net\java\dev\jna\jna\4.1.0\jna-4.1.0.jar;C:\Users\1034567\.m2\repository\net\java\dev\jna\jna-platform\4.1.0\jna-platform-4.1.0.jar;C:\Users\1034567\.m2\repository\org\seleniumhq\selenium\selenium-safari-driver\2.53.1\selenium-safari-driver-2.53.1.jar;C:\Users\1034567\.m2\repository\io\netty\netty\3.5.7.Final\netty-3.5.7.Final.jar;C:\Users\1034567\.m2\repository\org\seleniumhq\selenium\selenium-support\2.53.1\selenium-support-2.53.1.jar;C:\Users\1034567\.m2\repository\org\seleniumhq\selenium\selenium-leg-rc\2.53.1\selenium-leg-rc-2.53.1.jar;C:\Users\1034567\.m2\repository\org\seleniumhq\selenium\selenium-server\2.25.0\selenium-server-2.25.0.jar;C:\Users\1034567\.m2\repository\org\bouncycastle\bcprov-jdk15on\1.47\bcprov-jdk15on-1.47.jar;C:\Users\1034567\.m2\repository\org\bouncycastle\bcpkix-jdk15on\1.47\bcpkix-jdk15on-1.47.jar;C:\Users\1034567\.m2\repository\mx4j\mx4j-tools\3.0.1\mx4j-tools-3.0.1.jar;C:\Users\1034567\.m2\repository\org\mortbay\jetty\servlet-api-2.5\6.1.9\servlet-api-2.5-6.1.9.jar;C:\Users\1034567\.m2\repository\org\seleniumhq\selenium\jetty-repacked\7.6.1\jetty-repacked-7.6.1.jar;C:\Users\1034567\.m2\repository\net\jcip\jcip-annotations\1.0\jcip-annotations-1.0.jar;C:\Users\1034567\.m2\repository\org\yaml\snakeyaml\1.8\snakeyaml-1.8.jar;C:\Users\1034567\.m2\repository\org\testng\testng\6.8\testng-6.8.jar;C:\Users\1034567\.m2\repository\org\beanshell\bsh\2.0b4\bsh-2.0b4.jar;C:\Users\1034567\.m2\repository\com\beust\jcommander\1.27\jcommander-1.27.jar;"/>
    <property name="sun.cpu.endian" value="little"/>
    <property name="user.home" value="C:\Users\1034567"/>
    <property name="user.language" value="en"/>
    <property name="java.specification.vendor" value="Oracle Corporation"/>
    <property name="java.version.date" value="2022-07-19"/>
    <property name="java.home" value="C:\Program Files\Java\jdk-18.0.2"/>
    <property name="file.separator" value="\"/>
    <property name="basedir" value="C:\Users\1034567\Documents\PowerBI_UIAutomation_BY"/>
    <property name="java.vm.compressedOopsMode" value="Zero based"/>
    <property name="line.separator" value="&#10;"/>
    <property name="java.vm.specification.vendor" value="Oracle Corporation"/>
    <property name="java.specification.name" value="Java Platform API Specification"/>
    <property name="surefire.real.class.path" value="C:\Users\1034567\AppData\Local\Temp\surefire4285587276988865539\surefirebooter-20220908200629151_3.jar"/>
    <property name="user.script" value=""/>
    <property name="sun.management.compiler" value="HotSpot 64-Bit Tiered Compilers"/>
    <property name="java.runtime.version" value="18.0.2+9-61"/>
    <property name="user.name" value="1034567"/>
    <property name="path.separator" value=";"/>
    <property name="os.version" value="10.0"/>
    <property name="java.runtime.name" value="Java(TM) SE Runtime Environment"/>
    <property name="file.encoding" value="UTF-8"/>
    <property name="java.vm.name" value="Java HotSpot(TM) 64-Bit Server VM"/>
    <property name="localRepository" value="C:\Users\1034567\.m2\repository"/>
    <property name="java.vendor.url.bug" value="https://bugreport.java.com/bugreport/"/>
    <property name="java.io.tmpdir" value="C:\Users\1034567\AppData\Local\Temp\"/>
    <property name="java.version" value="18.0.2"/>
    <property name="user.dir" value="C:\Users\1034567\Documents\PowerBI_UIAutomation_BY"/>
    <property name="os.arch" value="amd64"/>
    <property name="java.vm.specification.name" value="Java Virtual Machine Specification"/>
    <property name="sun.os.patch.level" value=""/>
    <property name="native.encoding" value="Cp1252"/>
    <property name="java.library.path" value="C:\Program Files\Java\jdk-18.0.2\bin;C:\Windows\Sun\Java\bin;C:\Windows\system32;C:\Windows;C:\Program Files\Common Files\Oracle\Java\javapath;C:\Windows\system32;C:\Windows;C:\Windows\System32\Wbem;C:\Windows\System32\WindowsPowerShell\v1.0\;C:\Windows\System32\OpenSSH\;C:\Program Files\Java\jdk-18.0.2;C:\Program Files\apache-maven-3.8.6\bin;C:\Users\1034567\AppData\Local\Microsoft\WindowsApps;C:\Users\1034567\AppData\Local\Programs\Git\cmd;."/>
    <property name="java.vm.info" value="mixed mode, sharing"/>
    <property name="java.vendor" value="Oracle Corporation"/>
    <property name="java.vm.version" value="18.0.2+9-61"/>
    <property name="sun.io.unicode.encoding" value="UnicodeLittle"/>
    <property name="java.class.version" value="62.0"/>
  </properties>
  <testcase name="BaseTestNGExecutor on [BaseTestNG passed=0 failed=0 skipped=0]" classname="testlogic.BaseTestNG" time="0">
    <skipped message="java.lang.NullPointerException: Cannot invoke &quot;java.util.Collection.toArray()&quot; because &quot;c&quot; is null"/>
    <system-out><![CDATA[1
No records found for execution
]]></system-out>
    <system-err><![CDATA[com.codoid.products.exception.FilloException: No records found
	at com.codoid.products.fillo.Recordset.<init>(Recordset.java:40)
	at com.codoid.products.fillo.Connection.executeQuery(Connection.java:62)
	at frameworkutils.DataBook.getExecutableTestCases(DataBook.java:110)
	at testlogic.BaseTestNG.getData(BaseTestNG.java:64)
	at java.base/jdk.internal.reflect.DirectMethodHandleAccessor.invoke(DirectMethodHandleAccessor.java:104)
	at java.base/java.lang.reflect.Method.invoke(Method.java:577)
	at org.testng.internal.MethodInvocationHelper.invokeMethod(MethodInvocationHelper.java:80)
	at org.testng.internal.MethodInvocationHelper.invokeDataProvider(MethodInvocationHelper.java:117)
	at org.testng.internal.Parameters.handleParameters(Parameters.java:426)
	at org.testng.internal.Invoker.handleParameters(Invoker.java:1383)
	at org.testng.internal.Invoker.createParameters(Invoker.java:1075)
	at org.testng.internal.Invoker.invokeTestMethods(Invoker.java:1180)
	at org.testng.internal.TestMethodWorker.invokeTestMethods(TestMethodWorker.java:127)
	at org.testng.internal.TestMethodWorker.run(TestMethodWorker.java:111)
	at org.testng.TestRunner.privateRun(TestRunner.java:767)
	at org.testng.TestRunner.run(TestRunner.java:617)
	at org.testng.SuiteRunner.runTest(SuiteRunner.java:334)
	at org.testng.SuiteRunner.runSequentially(SuiteRunner.java:329)
	at org.testng.SuiteRunner.privateRun(SuiteRunner.java:291)
	at org.testng.SuiteRunner.run(SuiteRunner.java:240)
	at org.testng.SuiteRunnerWorker.runSuite(SuiteRunnerWorker.java:52)
	at org.testng.SuiteRunnerWorker.run(SuiteRunnerWorker.java:86)
	at org.testng.TestNG.runSuitesSequentially(TestNG.java:1198)
	at org.testng.TestNG.runSuitesLocally(TestNG.java:1123)
	at org.testng.TestNG.run(TestNG.java:1031)
	at org.apache.maven.surefire.testng.TestNGExecutor.run(TestNGExecutor.java:324)
	at org.apache.maven.surefire.testng.TestNGXmlTestSuite.execute(TestNGXmlTestSuite.java:74)
	at org.apache.maven.surefire.testng.TestNGProvider.invoke(TestNGProvider.java:123)
	at org.apache.maven.surefire.booter.ForkedBooter.runSuitesInProcess(ForkedBooter.java:456)
	at org.apache.maven.surefire.booter.ForkedBooter.execute(ForkedBooter.java:169)
	at org.apache.maven.surefire.booter.ForkedBooter.run(ForkedBooter.java:595)
	at org.apache.maven.surefire.booter.ForkedBooter.main(ForkedBooter.java:581)
]]></system-err>
  </testcase>
</testsuite>