<?xml version="1.0" encoding="UTF-8"?>
<!-- Generated by org.testng.reporters.JUnitReportReporter -->
<testsuite hostname="IN2-1034567LT" failures="0" tests="2" name="testlogic.BaseTestNG" time="56.852" errors="0" timestamp="2022-09-01T22:23:18 IST" skipped="0">
  <testcase classname="testlogic.BaseTestNG" name="BaseTestNGExecutor" time="30.084"/>
  <system-out/>
  <testcase classname="testlogic.BaseTestNG" name="BaseTestNGExecutor" time="26.768"/>
  <system-out/>
</testsuite> <!-- testlogic.BaseTestNG -->
