<?xml version="1.0" encoding="UTF-8"?>
<!-- Generated by org.testng.reporters.JUnitReportReporter -->
<testsuite hostname="IN2-1034514LT" failures="0" tests="5" name="testlogic.BaseTestNG" time="301.357" errors="0" timestamp="2022-09-15T16:23:42 IST" skipped="0">
  <testcase classname="testlogic.BaseTestNG" name="BaseTestNGExecutor" time="48.508"/>
  <system-out/>
  <testcase classname="testlogic.BaseTestNG" name="BaseTestNGExecutor" time="48.921"/>
  <system-out/>
  <testcase classname="testlogic.BaseTestNG" name="BaseTestNGExecutor" time="45.836"/>
  <system-out/>
  <testcase classname="testlogic.BaseTestNG" name="BaseTestNGExecutor" time="46.070"/>
  <system-out/>
  <testcase classname="testlogic.BaseTestNG" name="BaseTestNGExecutor" time="112.022"/>
  <system-out/>
</testsuite> <!-- testlogic.BaseTestNG -->
