<?xml version="1.0" encoding="UTF-8"?>
<!-- Generated by org.testng.reporters.JUnitReportReporter -->
<testsuite hostname="IN2-1034567LT" failures="1" tests="52" name="testlogic.BaseTestNG" time="1681.609" errors="0" timestamp="2022-09-08T22:33:53 IST" skipped="0">
  <testcase classname="testlogic.BaseTestNG" name="BaseTestNGExecutor" time="38.320"/>
  <system-out/>
  <testcase classname="testlogic.BaseTestNG" name="BaseTestNGExecutor" time="35.516"/>
  <system-out/>
  <testcase classname="testlogic.BaseTestNG" name="BaseTestNGExecutor" time="31.674"/>
  <system-out/>
  <testcase classname="testlogic.BaseTestNG" name="BaseTestNGExecutor" time="22.851"/>
  <system-out/>
  <testcase classname="testlogic.BaseTestNG" name="BaseTestNGExecutor" time="21.557"/>
  <system-out/>
  <testcase classname="testlogic.BaseTestNG" name="BaseTestNGExecutor" time="20.606"/>
  <system-out/>
  <testcase classname="testlogic.BaseTestNG" name="BaseTestNGExecutor" time="29.546"/>
  <system-out/>
  <testcase classname="testlogic.BaseTestNG" name="BaseTestNGExecutor" time="19.046"/>
  <system-out/>
  <testcase classname="testlogic.BaseTestNG" name="BaseTestNGExecutor" time="30.867"/>
  <system-out/>
  <testcase classname="testlogic.BaseTestNG" name="BaseTestNGExecutor" time="37.556"/>
  <system-out/>
  <testcase classname="testlogic.BaseTestNG" name="BaseTestNGExecutor" time="24.148"/>
  <system-out/>
  <testcase classname="testlogic.BaseTestNG" name="BaseTestNGExecutor" time="20.354"/>
  <system-out/>
  <testcase classname="testlogic.BaseTestNG" name="BaseTestNGExecutor" time="259.123">
    <failure message="null" type="java.lang.AssertionError">
      <![CDATA[java.lang.AssertionError: null
at org.testng.Assert.fail(Assert.java:99)
at org.testng.Assert.fail(Assert.java:106)
at testlogic.BaseTestNG.BaseTestNGExecutor(BaseTestNG.java:132)
at java.base/jdk.internal.reflect.DirectMethodHandleAccessor.invoke(DirectMethodHandleAccessor.java:104)
at java.base/java.lang.reflect.Method.invoke(Method.java:577)
at org.testng.internal.MethodInvocationHelper.invokeMethod(MethodInvocationHelper.java:133)
at org.testng.internal.TestInvoker.invokeMethod(TestInvoker.java:598)
at org.testng.internal.TestInvoker.invokeTestMethod(TestInvoker.java:173)
at org.testng.internal.MethodRunner.runInSequence(MethodRunner.java:46)
at org.testng.internal.TestInvoker$MethodInvocationAgent.invoke(TestInvoker.java:824)
at org.testng.internal.TestInvoker.invokeTestMethods(TestInvoker.java:146)
at org.testng.internal.TestMethodWorker.invokeTestMethods(TestMethodWorker.java:146)
at org.testng.internal.TestMethodWorker.run(TestMethodWorker.java:128)
at java.base/java.util.ArrayList.forEach(ArrayList.java:1511)
at org.testng.TestRunner.privateRun(TestRunner.java:794)
at org.testng.TestRunner.run(TestRunner.java:596)
at org.testng.SuiteRunner.runTest(SuiteRunner.java:377)
at org.testng.SuiteRunner.runSequentially(SuiteRunner.java:371)
at org.testng.SuiteRunner.privateRun(SuiteRunner.java:332)
at org.testng.SuiteRunner.run(SuiteRunner.java:276)
at org.testng.SuiteRunnerWorker.runSuite(SuiteRunnerWorker.java:53)
at org.testng.SuiteRunnerWorker.run(SuiteRunnerWorker.java:96)
at org.testng.TestNG.runSuitesSequentially(TestNG.java:1212)
at org.testng.TestNG.runSuitesLocally(TestNG.java:1134)
at org.testng.TestNG.runSuites(TestNG.java:1063)
at org.testng.TestNG.run(TestNG.java:1031)
at org.testng.remote.AbstractRemoteTestNG.run(AbstractRemoteTestNG.java:115)
at org.testng.remote.RemoteTestNG.initAndRun(RemoteTestNG.java:251)
at org.testng.remote.RemoteTestNG.main(RemoteTestNG.java:77)
]]>
    </failure>
  </testcase> <!-- BaseTestNGExecutor -->
  <system-out/>
  <testcase classname="testlogic.BaseTestNG" name="BaseTestNGExecutor" time="31.485"/>
  <system-out/>
  <testcase classname="testlogic.BaseTestNG" name="BaseTestNGExecutor" time="23.703"/>
  <system-out/>
  <testcase classname="testlogic.BaseTestNG" name="BaseTestNGExecutor" time="25.170"/>
  <system-out/>
  <testcase classname="testlogic.BaseTestNG" name="BaseTestNGExecutor" time="33.997"/>
  <system-out/>
  <testcase classname="testlogic.BaseTestNG" name="BaseTestNGExecutor" time="29.339"/>
  <system-out/>
  <testcase classname="testlogic.BaseTestNG" name="BaseTestNGExecutor" time="25.299"/>
  <system-out/>
  <testcase classname="testlogic.BaseTestNG" name="BaseTestNGExecutor" time="22.460"/>
  <system-out/>
  <testcase classname="testlogic.BaseTestNG" name="BaseTestNGExecutor" time="21.847"/>
  <system-out/>
  <testcase classname="testlogic.BaseTestNG" name="BaseTestNGExecutor" time="42.804"/>
  <system-out/>
  <testcase classname="testlogic.BaseTestNG" name="BaseTestNGExecutor" time="22.596"/>
  <system-out/>
  <testcase classname="testlogic.BaseTestNG" name="BaseTestNGExecutor" time="23.732"/>
  <system-out/>
  <testcase classname="testlogic.BaseTestNG" name="BaseTestNGExecutor" time="22.573"/>
  <system-out/>
  <testcase classname="testlogic.BaseTestNG" name="BaseTestNGExecutor" time="23.947"/>
  <system-out/>
  <testcase classname="testlogic.BaseTestNG" name="BaseTestNGExecutor" time="24.177"/>
  <system-out/>
  <testcase classname="testlogic.BaseTestNG" name="BaseTestNGExecutor" time="22.098"/>
  <system-out/>
  <testcase classname="testlogic.BaseTestNG" name="BaseTestNGExecutor" time="30.480"/>
  <system-out/>
  <testcase classname="testlogic.BaseTestNG" name="BaseTestNGExecutor" time="32.342"/>
  <system-out/>
  <testcase classname="testlogic.BaseTestNG" name="BaseTestNGExecutor" time="29.067"/>
  <system-out/>
  <testcase classname="testlogic.BaseTestNG" name="BaseTestNGExecutor" time="42.104"/>
  <system-out/>
  <testcase classname="testlogic.BaseTestNG" name="BaseTestNGExecutor" time="20.753"/>
  <system-out/>
  <testcase classname="testlogic.BaseTestNG" name="BaseTestNGExecutor" time="40.144"/>
  <system-out/>
  <testcase classname="testlogic.BaseTestNG" name="BaseTestNGExecutor" time="24.226"/>
  <system-out/>
  <testcase classname="testlogic.BaseTestNG" name="BaseTestNGExecutor" time="20.890"/>
  <system-out/>
  <testcase classname="testlogic.BaseTestNG" name="BaseTestNGExecutor" time="31.461"/>
  <system-out/>
  <testcase classname="testlogic.BaseTestNG" name="BaseTestNGExecutor" time="24.156"/>
  <system-out/>
  <testcase classname="testlogic.BaseTestNG" name="BaseTestNGExecutor" time="29.869"/>
  <system-out/>
  <testcase classname="testlogic.BaseTestNG" name="BaseTestNGExecutor" time="30.881"/>
  <system-out/>
  <testcase classname="testlogic.BaseTestNG" name="BaseTestNGExecutor" time="22.900"/>
  <system-out/>
  <testcase classname="testlogic.BaseTestNG" name="BaseTestNGExecutor" time="27.161"/>
  <system-out/>
  <testcase classname="testlogic.BaseTestNG" name="BaseTestNGExecutor" time="21.083"/>
  <system-out/>
  <testcase classname="testlogic.BaseTestNG" name="BaseTestNGExecutor" time="30.104"/>
  <system-out/>
  <testcase classname="testlogic.BaseTestNG" name="BaseTestNGExecutor" time="33.532"/>
  <system-out/>
  <testcase classname="testlogic.BaseTestNG" name="BaseTestNGExecutor" time="21.244"/>
  <system-out/>
  <testcase classname="testlogic.BaseTestNG" name="BaseTestNGExecutor" time="23.529"/>
  <system-out/>
  <testcase classname="testlogic.BaseTestNG" name="BaseTestNGExecutor" time="32.486"/>
  <system-out/>
  <testcase classname="testlogic.BaseTestNG" name="BaseTestNGExecutor" time="31.438"/>
  <system-out/>
  <testcase classname="testlogic.BaseTestNG" name="BaseTestNGExecutor" time="21.403"/>
  <system-out/>
  <testcase classname="testlogic.BaseTestNG" name="BaseTestNGExecutor" time="39.869"/>
  <system-out/>
  <testcase classname="testlogic.BaseTestNG" name="BaseTestNGExecutor" time="34.096"/>
  <system-out/>
</testsuite> <!-- testlogic.BaseTestNG -->
