<?xml version="1.0" encoding="UTF-8"?>
<!-- Generated by org.testng.reporters.JUnitReportReporter -->
<testsuite hostname="IN2-1034567LT" failures="0" tests="1" name="testlogic.BaseTestNG" time="30.724" errors="0" timestamp="2022-09-05T19:01:37 IST" skipped="0">
  <testcase classname="testlogic.BaseTestNG" name="BaseTestNGExecutor" time="30.724"/>
  <system-out/>
</testsuite> <!-- testlogic.BaseTestNG -->
