<?xml version="1.0" encoding="UTF-8"?>
<!-- Generated by org.testng.reporters.JUnitReportReporter -->
<testsuite hostname="IN2-1034567LT" failures="0" tests="2" name="testlogic.BaseTestNG" time="62.090" errors="0" timestamp="2022-08-22T23:00:59 IST" skipped="0">
  <testcase classname="testlogic.BaseTestNG" name="BaseTestNGExecutor" time="26.010"/>
  <system-out/>
  <testcase classname="testlogic.BaseTestNG" name="BaseTestNGExecutor" time="36.080"/>
  <system-out/>
</testsuite> <!-- testlogic.BaseTestNG -->
