<?xml version="1.0" encoding="UTF-8"?>
<!-- Generated by org.testng.reporters.JUnitReportReporter -->
<testsuite hostname="IN2-1034514LT" failures="0" tests="1" name="testlogic.BaseTestNG" time="0.000" errors="0" timestamp="2022-09-22T14:57:40 IST" skipped="1">
  <testcase classname="testlogic.BaseTestNG" name="BaseTestNGExecutor" time="0.000">
    <skipped/>
  </testcase> <!-- BaseTestNGExecutor -->
  <system-out/>
</testsuite> <!-- testlogic.BaseTestNG -->
