<?xml version="1.0" encoding="UTF-8"?>
<!-- Generated by org.testng.reporters.JUnitReportReporter -->
<testsuite hostname="IN2-1034514LT" failures="2" tests="51" name="testlogic.BaseTestNG" time="2371.715" errors="0" timestamp="2022-09-14T00:02:41 IST" skipped="0">
  <testcase classname="testlogic.BaseTestNG" name="BaseTestNGExecutor" time="27.179"/>
  <system-out/>
  <testcase classname="testlogic.BaseTestNG" name="BaseTestNGExecutor" time="51.720"/>
  <system-out/>
  <testcase classname="testlogic.BaseTestNG" name="BaseTestNGExecutor" time="55.914"/>
  <system-out/>
  <testcase classname="testlogic.BaseTestNG" name="BaseTestNGExecutor" time="43.554"/>
  <system-out/>
  <testcase classname="testlogic.BaseTestNG" name="BaseTestNGExecutor" time="43.961"/>
  <system-out/>
  <testcase classname="testlogic.BaseTestNG" name="BaseTestNGExecutor" time="43.129"/>
  <system-out/>
  <testcase classname="testlogic.BaseTestNG" name="BaseTestNGExecutor" time="47.232"/>
  <system-out/>
  <testcase classname="testlogic.BaseTestNG" name="BaseTestNGExecutor" time="46.345"/>
  <system-out/>
  <testcase classname="testlogic.BaseTestNG" name="BaseTestNGExecutor" time="38.734"/>
  <system-out/>
  <testcase classname="testlogic.BaseTestNG" name="BaseTestNGExecutor" time="40.502"/>
  <system-out/>
  <testcase classname="testlogic.BaseTestNG" name="BaseTestNGExecutor" time="45.629"/>
  <system-out/>
  <testcase classname="testlogic.BaseTestNG" name="BaseTestNGExecutor" time="42.954"/>
  <system-out/>
  <testcase classname="testlogic.BaseTestNG" name="BaseTestNGExecutor" time="48.004"/>
  <system-out/>
  <testcase classname="testlogic.BaseTestNG" name="BaseTestNGExecutor" time="54.434"/>
  <system-out/>
  <testcase classname="testlogic.BaseTestNG" name="BaseTestNGExecutor" time="53.159"/>
  <system-out/>
  <testcase classname="testlogic.BaseTestNG" name="BaseTestNGExecutor" time="49.736"/>
  <system-out/>
  <testcase classname="testlogic.BaseTestNG" name="BaseTestNGExecutor" time="23.257"/>
  <system-out/>
  <testcase classname="testlogic.BaseTestNG" name="BaseTestNGExecutor" time="144.441">
    <failure message="null" type="java.lang.AssertionError">
      <![CDATA[java.lang.AssertionError: null
at org.testng.Assert.fail(Assert.java:99)
at org.testng.Assert.fail(Assert.java:106)
at testlogic.BaseTestNG.BaseTestNGExecutor(BaseTestNG.java:131)
at java.base/jdk.internal.reflect.DirectMethodHandleAccessor.invoke(DirectMethodHandleAccessor.java:104)
at java.base/java.lang.reflect.Method.invoke(Method.java:577)
at org.testng.internal.MethodInvocationHelper.invokeMethod(MethodInvocationHelper.java:133)
at org.testng.internal.TestInvoker.invokeMethod(TestInvoker.java:598)
at org.testng.internal.TestInvoker.invokeTestMethod(TestInvoker.java:173)
at org.testng.internal.MethodRunner.runInSequence(MethodRunner.java:46)
at org.testng.internal.TestInvoker$MethodInvocationAgent.invoke(TestInvoker.java:824)
at org.testng.internal.TestInvoker.invokeTestMethods(TestInvoker.java:146)
at org.testng.internal.TestMethodWorker.invokeTestMethods(TestMethodWorker.java:146)
at org.testng.internal.TestMethodWorker.run(TestMethodWorker.java:128)
at java.base/java.util.ArrayList.forEach(ArrayList.java:1511)
at org.testng.TestRunner.privateRun(TestRunner.java:794)
at org.testng.TestRunner.run(TestRunner.java:596)
at org.testng.SuiteRunner.runTest(SuiteRunner.java:377)
at org.testng.SuiteRunner.runSequentially(SuiteRunner.java:371)
at org.testng.SuiteRunner.privateRun(SuiteRunner.java:332)
at org.testng.SuiteRunner.run(SuiteRunner.java:276)
at org.testng.SuiteRunnerWorker.runSuite(SuiteRunnerWorker.java:53)
at org.testng.SuiteRunnerWorker.run(SuiteRunnerWorker.java:96)
at org.testng.TestNG.runSuitesSequentially(TestNG.java:1212)
at org.testng.TestNG.runSuitesLocally(TestNG.java:1134)
at org.testng.TestNG.runSuites(TestNG.java:1063)
at org.testng.TestNG.run(TestNG.java:1031)
at org.testng.remote.AbstractRemoteTestNG.run(AbstractRemoteTestNG.java:115)
at org.testng.remote.RemoteTestNG.initAndRun(RemoteTestNG.java:251)
at org.testng.remote.RemoteTestNG.main(RemoteTestNG.java:77)
]]>
    </failure>
  </testcase> <!-- BaseTestNGExecutor -->
  <system-out/>
  <testcase classname="testlogic.BaseTestNG" name="BaseTestNGExecutor" time="50.920"/>
  <system-out/>
  <testcase classname="testlogic.BaseTestNG" name="BaseTestNGExecutor" time="31.387"/>
  <system-out/>
  <testcase classname="testlogic.BaseTestNG" name="BaseTestNGExecutor" time="46.604"/>
  <system-out/>
  <testcase classname="testlogic.BaseTestNG" name="BaseTestNGExecutor" time="46.529"/>
  <system-out/>
  <testcase classname="testlogic.BaseTestNG" name="BaseTestNGExecutor" time="26.905"/>
  <system-out/>
  <testcase classname="testlogic.BaseTestNG" name="BaseTestNGExecutor" time="32.249"/>
  <system-out/>
  <testcase classname="testlogic.BaseTestNG" name="BaseTestNGExecutor" time="179.755">
    <failure message="null" type="java.lang.AssertionError">
      <![CDATA[java.lang.AssertionError: null
at org.testng.Assert.fail(Assert.java:99)
at org.testng.Assert.fail(Assert.java:106)
at testlogic.BaseTestNG.BaseTestNGExecutor(BaseTestNG.java:131)
at java.base/jdk.internal.reflect.DirectMethodHandleAccessor.invoke(DirectMethodHandleAccessor.java:104)
at java.base/java.lang.reflect.Method.invoke(Method.java:577)
at org.testng.internal.MethodInvocationHelper.invokeMethod(MethodInvocationHelper.java:133)
at org.testng.internal.TestInvoker.invokeMethod(TestInvoker.java:598)
at org.testng.internal.TestInvoker.invokeTestMethod(TestInvoker.java:173)
at org.testng.internal.MethodRunner.runInSequence(MethodRunner.java:46)
at org.testng.internal.TestInvoker$MethodInvocationAgent.invoke(TestInvoker.java:824)
at org.testng.internal.TestInvoker.invokeTestMethods(TestInvoker.java:146)
at org.testng.internal.TestMethodWorker.invokeTestMethods(TestMethodWorker.java:146)
at org.testng.internal.TestMethodWorker.run(TestMethodWorker.java:128)
at java.base/java.util.ArrayList.forEach(ArrayList.java:1511)
at org.testng.TestRunner.privateRun(TestRunner.java:794)
at org.testng.TestRunner.run(TestRunner.java:596)
at org.testng.SuiteRunner.runTest(SuiteRunner.java:377)
at org.testng.SuiteRunner.runSequentially(SuiteRunner.java:371)
at org.testng.SuiteRunner.privateRun(SuiteRunner.java:332)
at org.testng.SuiteRunner.run(SuiteRunner.java:276)
at org.testng.SuiteRunnerWorker.runSuite(SuiteRunnerWorker.java:53)
at org.testng.SuiteRunnerWorker.run(SuiteRunnerWorker.java:96)
at org.testng.TestNG.runSuitesSequentially(TestNG.java:1212)
at org.testng.TestNG.runSuitesLocally(TestNG.java:1134)
at org.testng.TestNG.runSuites(TestNG.java:1063)
at org.testng.TestNG.run(TestNG.java:1031)
at org.testng.remote.AbstractRemoteTestNG.run(AbstractRemoteTestNG.java:115)
at org.testng.remote.RemoteTestNG.initAndRun(RemoteTestNG.java:251)
at org.testng.remote.RemoteTestNG.main(RemoteTestNG.java:77)
]]>
    </failure>
  </testcase> <!-- BaseTestNGExecutor -->
  <system-out/>
  <testcase classname="testlogic.BaseTestNG" name="BaseTestNGExecutor" time="42.664"/>
  <system-out/>
  <testcase classname="testlogic.BaseTestNG" name="BaseTestNGExecutor" time="24.764"/>
  <system-out/>
  <testcase classname="testlogic.BaseTestNG" name="BaseTestNGExecutor" time="33.790"/>
  <system-out/>
  <testcase classname="testlogic.BaseTestNG" name="BaseTestNGExecutor" time="55.580"/>
  <system-out/>
  <testcase classname="testlogic.BaseTestNG" name="BaseTestNGExecutor" time="46.055"/>
  <system-out/>
  <testcase classname="testlogic.BaseTestNG" name="BaseTestNGExecutor" time="26.237"/>
  <system-out/>
  <testcase classname="testlogic.BaseTestNG" name="BaseTestNGExecutor" time="30.708"/>
  <system-out/>
  <testcase classname="testlogic.BaseTestNG" name="BaseTestNGExecutor" time="41.758"/>
  <system-out/>
  <testcase classname="testlogic.BaseTestNG" name="BaseTestNGExecutor" time="66.078"/>
  <system-out/>
  <testcase classname="testlogic.BaseTestNG" name="BaseTestNGExecutor" time="23.973"/>
  <system-out/>
  <testcase classname="testlogic.BaseTestNG" name="BaseTestNGExecutor" time="46.732"/>
  <system-out/>
  <testcase classname="testlogic.BaseTestNG" name="BaseTestNGExecutor" time="46.286"/>
  <system-out/>
  <testcase classname="testlogic.BaseTestNG" name="BaseTestNGExecutor" time="55.022"/>
  <system-out/>
  <testcase classname="testlogic.BaseTestNG" name="BaseTestNGExecutor" time="53.266"/>
  <system-out/>
  <testcase classname="testlogic.BaseTestNG" name="BaseTestNGExecutor" time="46.317"/>
  <system-out/>
  <testcase classname="testlogic.BaseTestNG" name="BaseTestNGExecutor" time="24.562"/>
  <system-out/>
  <testcase classname="testlogic.BaseTestNG" name="BaseTestNGExecutor" time="57.729"/>
  <system-out/>
  <testcase classname="testlogic.BaseTestNG" name="BaseTestNGExecutor" time="27.331"/>
  <system-out/>
  <testcase classname="testlogic.BaseTestNG" name="BaseTestNGExecutor" time="54.332"/>
  <system-out/>
  <testcase classname="testlogic.BaseTestNG" name="BaseTestNGExecutor" time="51.307"/>
  <system-out/>
  <testcase classname="testlogic.BaseTestNG" name="BaseTestNGExecutor" time="28.623"/>
  <system-out/>
  <testcase classname="testlogic.BaseTestNG" name="BaseTestNGExecutor" time="48.239"/>
  <system-out/>
  <testcase classname="testlogic.BaseTestNG" name="BaseTestNGExecutor" time="26.124"/>
  <system-out/>
  <testcase classname="testlogic.BaseTestNG" name="BaseTestNGExecutor" time="47.329"/>
  <system-out/>
  <testcase classname="testlogic.BaseTestNG" name="BaseTestNGExecutor" time="24.916"/>
  <system-out/>
  <testcase classname="testlogic.BaseTestNG" name="BaseTestNGExecutor" time="27.760"/>
  <system-out/>
</testsuite> <!-- testlogic.BaseTestNG -->
